::1 - - [06/May/2019:12:56:07 +0000] "GET /todo/ HTTP/1.1" 304 - "-" "Mozilla/5.0 (Windows NT 10.0; Win64; x64) AppleWebKit/537.36 (KHTML, like Gecko) Chrome/74.0.3729.131 Safari/537.36"
::1 - - [06/May/2019:13:35:27 +0000] "GET /todo/ HTTP/1.1" 304 - "-" "Mozilla/5.0 (Windows NT 10.0; Win64; x64) AppleWebKit/537.36 (KHTML, like Gecko) Chrome/74.0.3729.131 Safari/537.36"
::1 - - [06/May/2019:13:35:29 +0000] "GET /todo/ HTTP/1.1" 200 97 "-" "Mozilla/5.0 (Windows NT 10.0; Win64; x64) AppleWebKit/537.36 (KHTML, like Gecko) Chrome/74.0.3729.131 Safari/537.36"
::1 - - [06/May/2019:13:44:39 +0000] "POST /todo HTTP/1.1" 200 32 "-" "-"
::1 - - [06/May/2019:13:44:45 +0000] "GET /todo/ HTTP/1.1" 200 130 "-" "Mozilla/5.0 (Windows NT 10.0; Win64; x64) AppleWebKit/537.36 (KHTML, like Gecko) Chrome/74.0.3729.131 Safari/537.36"
::1 - - [06/May/2019:13:45:21 +0000] "POST /todo HTTP/1.1" 200 32 "-" "-"
::1 - - [06/May/2019:13:45:28 +0000] "GET /todo/ HTTP/1.1" 304 - "-" "Mozilla/5.0 (Windows NT 10.0; Win64; x64) AppleWebKit/537.36 (KHTML, like Gecko) Chrome/74.0.3729.131 Safari/537.36"
::1 - - [06/May/2019:13:49:06 +0000] "GET /todo/ HTTP/1.1" 200 97 "-" "Mozilla/5.0 (Windows NT 10.0; Win64; x64) AppleWebKit/537.36 (KHTML, like Gecko) Chrome/74.0.3729.131 Safari/537.36"
::1 - - [06/May/2019:13:49:12 +0000] "POST /todo HTTP/1.1" 200 32 "-" "-"
::1 - - [06/May/2019:13:49:15 +0000] "GET /todo/ HTTP/1.1" 200 130 "-" "Mozilla/5.0 (Windows NT 10.0; Win64; x64) AppleWebKit/537.36 (KHTML, like Gecko) Chrome/74.0.3729.131 Safari/537.36"
::1 - - [06/May/2019:13:49:19 +0000] "GET /todo/ HTTP/1.1" 304 - "-" "Mozilla/5.0 (Windows NT 10.0; Win64; x64) AppleWebKit/537.36 (KHTML, like Gecko) Chrome/74.0.3729.131 Safari/537.36"
::1 - - [06/May/2019:13:57:00 +0000] "POST /todo HTTP/1.1" 200 42 "-" "-"
::1 - - [06/May/2019:13:57:50 +0000] "GET /todo/ HTTP/1.1" 200 118 "-" "Mozilla/5.0 (Windows NT 10.0; Win64; x64) AppleWebKit/537.36 (KHTML, like Gecko) Chrome/74.0.3729.131 Safari/537.36"
::1 - - [06/May/2019:13:57:54 +0000] "GET /todo/ HTTP/1.1" 304 - "-" "Mozilla/5.0 (Windows NT 10.0; Win64; x64) AppleWebKit/537.36 (KHTML, like Gecko) Chrome/74.0.3729.131 Safari/537.36"
::1 - - [06/May/2019:13:58:09 +0000] "POST /todo HTTP/1.1" 200 54 "-" "-"
::1 - - [06/May/2019:13:58:13 +0000] "GET /todo/ HTTP/1.1" 200 173 "-" "Mozilla/5.0 (Windows NT 10.0; Win64; x64) AppleWebKit/537.36 (KHTML, like Gecko) Chrome/74.0.3729.131 Safari/537.36"
::ffff:127.0.0.1 - - [06/May/2019:14:06:40 +0000] "GET /todo/1 HTTP/1.1" 200 - "-" "Mozilla/5.0 (Windows NT 10.0; Win64; x64) AppleWebKit/537.36 (KHTML, like Gecko) Chrome/74.0.3729.131 Safari/537.36"
::ffff:127.0.0.1 - - [06/May/2019:14:06:43 +0000] "GET /todo/1 HTTP/1.1" 200 - "-" "Mozilla/5.0 (Windows NT 10.0; Win64; x64) AppleWebKit/537.36 (KHTML, like Gecko) Chrome/74.0.3729.131 Safari/537.36"
::ffff:127.0.0.1 - - [06/May/2019:14:06:44 +0000] "GET /todo/1 HTTP/1.1" 200 - "-" "Mozilla/5.0 (Windows NT 10.0; Win64; x64) AppleWebKit/537.36 (KHTML, like Gecko) Chrome/74.0.3729.131 Safari/537.36"
::ffff:127.0.0.1 - - [06/May/2019:14:06:44 +0000] "GET /todo/1 HTTP/1.1" 200 - "-" "Mozilla/5.0 (Windows NT 10.0; Win64; x64) AppleWebKit/537.36 (KHTML, like Gecko) Chrome/74.0.3729.131 Safari/537.36"
::ffff:127.0.0.1 - - [06/May/2019:14:06:45 +0000] "GET /todo/1 HTTP/1.1" 200 - "-" "Mozilla/5.0 (Windows NT 10.0; Win64; x64) AppleWebKit/537.36 (KHTML, like Gecko) Chrome/74.0.3729.131 Safari/537.36"
::ffff:127.0.0.1 - - [06/May/2019:14:06:45 +0000] "GET /todo/1 HTTP/1.1" 200 - "-" "Mozilla/5.0 (Windows NT 10.0; Win64; x64) AppleWebKit/537.36 (KHTML, like Gecko) Chrome/74.0.3729.131 Safari/537.36"
::1 - - [06/May/2019:14:07:43 +0000] "GET /todo/1 HTTP/1.1" 200 36 "-" "Mozilla/5.0 (Windows NT 10.0; Win64; x64) AppleWebKit/537.36 (KHTML, like Gecko) Chrome/74.0.3729.131 Safari/537.36"
::1 - - [06/May/2019:14:07:44 +0000] "GET /todo/1 HTTP/1.1" 304 - "-" "Mozilla/5.0 (Windows NT 10.0; Win64; x64) AppleWebKit/537.36 (KHTML, like Gecko) Chrome/74.0.3729.131 Safari/537.36"
::1 - - [06/May/2019:14:09:41 +0000] "GET /todo/1 HTTP/1.1" 200 39 "-" "Mozilla/5.0 (Windows NT 10.0; Win64; x64) AppleWebKit/537.36 (KHTML, like Gecko) Chrome/74.0.3729.131 Safari/537.36"
::1 - - [06/May/2019:14:09:43 +0000] "GET /todo/1 HTTP/1.1" 304 - "-" "Mozilla/5.0 (Windows NT 10.0; Win64; x64) AppleWebKit/537.36 (KHTML, like Gecko) Chrome/74.0.3729.131 Safari/537.36"
::1 - - [06/May/2019:14:09:45 +0000] "GET /todo/1 HTTP/1.1" 304 - "-" "Mozilla/5.0 (Windows NT 10.0; Win64; x64) AppleWebKit/537.36 (KHTML, like Gecko) Chrome/74.0.3729.131 Safari/537.36"
::ffff:127.0.0.1 - - [06/May/2019:14:10:02 +0000] "GET /todo/1 HTTP/1.1" 304 - "-" "Mozilla/5.0 (Windows NT 10.0; Win64; x64) AppleWebKit/537.36 (KHTML, like Gecko) Chrome/74.0.3729.131 Safari/537.36"
::1 - - [06/May/2019:14:10:45 +0000] "GET /todo/1 HTTP/1.1" 304 - "-" "Mozilla/5.0 (Windows NT 10.0; Win64; x64) AppleWebKit/537.36 (KHTML, like Gecko) Chrome/74.0.3729.131 Safari/537.36"
::1 - - [06/May/2019:14:10:47 +0000] "GET /todo/1 HTTP/1.1" 304 - "-" "Mozilla/5.0 (Windows NT 10.0; Win64; x64) AppleWebKit/537.36 (KHTML, like Gecko) Chrome/74.0.3729.131 Safari/537.36"
::1 - - [06/May/2019:14:10:49 +0000] "GET /todo/3 HTTP/1.1" 200 39 "-" "Mozilla/5.0 (Windows NT 10.0; Win64; x64) AppleWebKit/537.36 (KHTML, like Gecko) Chrome/74.0.3729.131 Safari/537.36"
::1 - - [06/May/2019:14:10:51 +0000] "GET /todo/ HTTP/1.1" 200 118 "-" "Mozilla/5.0 (Windows NT 10.0; Win64; x64) AppleWebKit/537.36 (KHTML, like Gecko) Chrome/74.0.3729.131 Safari/537.36"
::1 - - [06/May/2019:14:16:57 +0000] "GET /todo/2 HTTP/1.1" 200 36 "-" "Mozilla/5.0 (Windows NT 10.0; Win64; x64) AppleWebKit/537.36 (KHTML, like Gecko) Chrome/74.0.3729.131 Safari/537.36"
::1 - - [06/May/2019:14:17:02 +0000] "GET /todo/1 HTTP/1.1" 304 - "-" "Mozilla/5.0 (Windows NT 10.0; Win64; x64) AppleWebKit/537.36 (KHTML, like Gecko) Chrome/74.0.3729.131 Safari/537.36"
::1 - - [06/May/2019:14:17:56 +0000] "GET /todo/f HTTP/1.1" 200 9 "-" "Mozilla/5.0 (Windows NT 10.0; Win64; x64) AppleWebKit/537.36 (KHTML, like Gecko) Chrome/74.0.3729.131 Safari/537.36"
::1 - - [06/May/2019:14:17:59 +0000] "GET /todo/5 HTTP/1.1" 200 - "-" "Mozilla/5.0 (Windows NT 10.0; Win64; x64) AppleWebKit/537.36 (KHTML, like Gecko) Chrome/74.0.3729.131 Safari/537.36"
::1 - - [06/May/2019:14:18:05 +0000] "GET /todo/xxx HTTP/1.1" 200 9 "-" "Mozilla/5.0 (Windows NT 10.0; Win64; x64) AppleWebKit/537.36 (KHTML, like Gecko) Chrome/74.0.3729.131 Safari/537.36"
::1 - - [06/May/2019:14:18:39 +0000] "GET /todo/xxx HTTP/1.1" 404 9 "-" "Mozilla/5.0 (Windows NT 10.0; Win64; x64) AppleWebKit/537.36 (KHTML, like Gecko) Chrome/74.0.3729.131 Safari/537.36"
::1 - - [06/May/2019:14:18:40 +0000] "GET /todo/xxx HTTP/1.1" 404 9 "-" "Mozilla/5.0 (Windows NT 10.0; Win64; x64) AppleWebKit/537.36 (KHTML, like Gecko) Chrome/74.0.3729.131 Safari/537.36"
::1 - - [06/May/2019:14:18:44 +0000] "GET /todo/xxx HTTP/1.1" 404 9 "-" "Mozilla/5.0 (Windows NT 10.0; Win64; x64) AppleWebKit/537.36 (KHTML, like Gecko) Chrome/74.0.3729.131 Safari/537.36"
